25430000000
-745300000000
-542400000000
-989640000000
-385040000000
-120380000000
-273390000000
-413270000000
61170000000
-276130000000
25440000000
-745290000000
-542390000000
-989630000000
-385030000000
-273380000000
-413260000000
-120370000000
61180000000
25450000000
-276120000000
-745280000000
-542380000000
-385020000000
-989620000000
-710780000000
-286230000000
-477520000000
-354060000000
-979910000000
-560790000000
-673450000000
-310980000000
-949850000000
-730730000000
-313560000000
-103530000000
-350270000000
-520610000000
-721720000000
-887220000000
-699920000000
-354050000000
-673440000000
-614120000000
-560780000000
-740190000000
-979900000000
-709710000000
